#
# A fatal error has been detected by the Java Runtime Environment:
#
#  SIGSEGV (0xb) at pc=0x00007fff94924be0, pid=4793, tid=775
#
# JRE version: Java(TM) SE Runtime Environment (8.0_60-b27) (build 1.8.0_60-b27)
# Java VM: Java HotSpot(TM) 64-Bit Server VM (25.60-b23 mixed mode bsd-amd64 compressed oops)
# Problematic frame:
# C  [libsystem_c.dylib+0x1be0]  strncpy+0x40
#
# Failed to write core dump. Core dumps have been disabled. To enable core dumping, try "ulimit -c unlimited" before starting Java again
#
# If you would like to submit a bug report, please visit:
#   http://bugreport.java.com/bugreport/crash.jsp
#

---------------  T H R E A D  ---------------

Current thread is native thread

siginfo: si_signo: 11 (SIGSEGV), si_code: 1 (SEGV_MAPERR), si_addr: 0x0000000000000000

Registers:
RAX=0x0000000000000000, RBX=0x00007000033a4b60, RCX=0x0000000000000004, RDX=0x00000000000000ff
RSP=0x00007fff54f8fc88, RBP=0x00007fff54f8fca0, RSI=0x0000000000000000, RDI=0x00007000033a4bcc
R8 =0x00007000033a4bcc, R9 =0x0000000000000000, R10=0x000000000000002e, R11=0x00007fff94924ba0
R12=0x0000000000000000, R13=0x00007000033a4a80, R14=0x0000000110ff0ad4, R15=0x0000000000000000
RIP=0x00007fff94924be0, EFLAGS=0x0000000000010202, ERR=0x0000000000000004
  TRAPNO=0x000000000000000e

Top of Stack: (sp=0x00007fff54f8fc88)
0x00007fff54f8fc88:   0000000110fe3d71 00007000033a4ac0
0x00007fff54f8fc98:   00007000033a4b20 00007fff54f8fcc0
0x00007fff54f8fca8:   00007fff948b88fc 00000000000020ff
0x00007fff54f8fcb8:   00007000033a4ac0 00007fff54f8fce0
0x00007fff54f8fcc8:   00007fff948c4ffb 0000000000000003
0x00007fff54f8fcd8:   00007fff9d7daa80 00007fff54f8fd00
0x00007fff54f8fce8:   00007fff948b88fc 00000000000020ff
0x00007fff54f8fcf8:   0000000000000003 00007fff54f8fd80
0x00007fff54f8fd08:   00007fff948c5aac 00007fff948c3b39
0x00007fff54f8fd18:   0000000000000000 00000000000020ff
0x00007fff54f8fd28:   0000000000000000 00007fff9d7daa80
0x00007fff54f8fd38:   0000000000000000 00007fff54f8fe34
0x00007fff54f8fd48:   00007000033a4a80 0000000000000000
0x00007fff54f8fd58:   00007fda066003c0 00007fda066003b0
0x00007fff54f8fd68:   00007fda06600500 00007fda06600510
0x00007fff54f8fd78:   0000000000000001 00007fff54f8fd90
0x00007fff54f8fd88:   00007fff7f1a5bc9 00007fff54f90a80
0x00007fff54f8fd98:   00007fff7f166c0d 000000000000743e
0x00007fff54f8fda8:   00007fff90bf6970 00007fff9a192da0
0x00007fff54f8fdb8:   00007fda066009b0 0000000000000000
0x00007fff54f8fdc8:   00007fda066009c0 0000000058d30e6b
0x00007fff54f8fdd8:   41bf995e9df2b1e6 00000000948e9570
0x00007fff54f8fde8:   00007fff7d87e05a 0000000094a03000
0x00007fff54f8fdf8:   00007fda066003c0 00007fda06600510
0x00007fff54f8fe08:   00007fff00001303 00007fda066003b0
0x00007fff54f8fe18:   4415af1d78b58c00 00000e0354f8fe70
0x00007fff54f8fe28:   00000001115a2d33 00001303115d0db8
0x00007fff54f8fe38:   00007fff54f8fe50 0000000000000000
0x00007fff54f8fe48:   ffffffffffffffff 0000001800001100
0x00007fff54f8fe58:   0000130300000000 0000004e00000000
0x00007fff54f8fe68:   0000004400000000 000001f500000002
0x00007fff54f8fe78:   000001f500000014 00000014000001f5 

Instructions: (pc=0x00007fff94924be0)
0x00007fff94924bc0:   ca c1 e9 04 75 4a b9 10 00 00 00 48 83 fa 1f 77
0x00007fff94924bd0:   0f 89 d1 85 d2 75 09 e9 b0 00 00 00 0f 1f 40 00
0x00007fff94924be0:   0f b6 06 48 83 c6 01 48 83 ea 01 88 07 48 83 c7
0x00007fff94924bf0:   01 85 c0 0f 84 83 00 00 00 48 83 e9 01 75 e1 48 

Register to memory mapping:

RAX=0x0000000000000000 is an unknown value
RBX=0x00007000033a4b60 is pointing into the stack for thread: 0x00007fda09002000
RCX=0x0000000000000004 is an unknown value
RDX=0x00000000000000ff is an unknown value
RSP=0x00007fff54f8fc88 is an unknown value
RBP=0x00007fff54f8fca0 is an unknown value
RSI=0x0000000000000000 is an unknown value
RDI=0x00007000033a4bcc is pointing into the stack for thread: 0x00007fda09002000
R8 =0x00007000033a4bcc is pointing into the stack for thread: 0x00007fda09002000
R9 =0x0000000000000000 is an unknown value
R10=0x000000000000002e is an unknown value
R11=0x00007fff94924ba0: strncpy+0 in /usr/lib/system/libsystem_c.dylib at 0x00007fff94923000
R12=0x0000000000000000 is an unknown value
R13=0x00007000033a4a80 is pointing into the stack for thread: 0x00007fda09002000
R14=0x0000000110ff0ad4: GCC_except_table25+0x5f0 in /private/var/folders/dd/p0m8fhjd7f3_6lkn524vy1gw0000gn/T/bluecove_justin_0/libbluecove.jnilib at 0x0000000110fe0000
R15=0x0000000000000000 is an unknown value


Stack: [0x00007fff54793000,0x00007fff54f93000],  sp=0x00007fff54f8fc88,  free space=8179k
Native frames: (J=compiled Java code, j=interpreted, Vv=VM code, C=native code)
C  [libsystem_c.dylib+0x1be0]  strncpy+0x40
C  [libdispatch.dylib+0x18fc]  _dispatch_client_callout+0x8
C  [libdispatch.dylib+0xdffb]  _dispatch_barrier_sync_f_slow_invoke+0x127
C  [libdispatch.dylib+0x18fc]  _dispatch_client_callout+0x8
C  [libdispatch.dylib+0xeaac]  _dispatch_main_queue_callback_4CF+0x39d
C  [CoreFoundation+0xc6bc9]  __CFRUNLOOP_IS_SERVICING_THE_MAIN_DISPATCH_QUEUE__+0x9
C  [CoreFoundation+0x87c0d]  __CFRunLoopRun+0x89d
C  [CoreFoundation+0x87114]  CFRunLoopRunSpecific+0x1a4
C  [java+0x6463]  CreateExecutionEnvironment+0x367
C  [java+0x21ac]  JLI_Launch+0x7a0
C  [java+0x84c0]  main+0x65
C  [java+0x1a04]  start+0x34


---------------  P R O C E S S  ---------------

VM state:not at safepoint (normal execution)

VM Mutex/Monitor currently owned by a thread: None

Heap:
 PSYoungGen      total 76288K, used 6573K [0x000000076ab00000, 0x0000000770000000, 0x00000007c0000000)
  eden space 65536K, 10% used [0x000000076ab00000,0x000000076b16b670,0x000000076eb00000)
  from space 10752K, 0% used [0x000000076f580000,0x000000076f580000,0x0000000770000000)
  to   space 10752K, 0% used [0x000000076eb00000,0x000000076eb00000,0x000000076f580000)
 ParOldGen       total 175104K, used 0K [0x00000006c0000000, 0x00000006cab00000, 0x000000076ab00000)
  object space 175104K, 0% used [0x00000006c0000000,0x00000006c0000000,0x00000006cab00000)
 Metaspace       used 3446K, capacity 4728K, committed 4864K, reserved 1056768K
  class space    used 380K, capacity 424K, committed 512K, reserved 1048576K

Card table byte_map: [0x000000010d149000,0x000000010d94a000] byte_map_base: 0x0000000109b49000

Marking Bits: (ParMarkBitMap*) 0x000000010c6dee20
 Begin Bits: [0x000000012061c000, 0x000000012461c000)
 End Bits:   [0x000000012461c000, 0x000000012861c000)

Polling page: 0x000000010ad2d000

CodeCache: size=245760Kb used=1284Kb max_used=1284Kb free=244475Kb
 bounds [0x000000011161c000, 0x000000011188c000, 0x000000012061c000]
 total_blobs=366 nmethods=110 adapters=170
 compilation: enabled

Compilation events (10 events):
Event: 0.153 Thread 0x00007fda06886000  107       3       java.util.jar.JarFile::getJarEntry (9 bytes)
Event: 0.153 Thread 0x00007fda06886000 nmethod 107 0x000000011175aa50 code [0x000000011175abc0, 0x000000011175aec8]
Event: 0.153 Thread 0x00007fda06886000  106       3       java.util.jar.JarFile::getEntry (22 bytes)
Event: 0.153 Thread 0x00007fda06886000 nmethod 106 0x000000011175af90 code [0x000000011175b120, 0x000000011175b478]
Event: 0.153 Thread 0x00007fda06886000  110   !   3       sun.misc.URLClassPath$JarLoader::getResource (85 bytes)
Event: 0.154 Thread 0x00007fda06886000 nmethod 110 0x000000011175b5d0 code [0x000000011175b820, 0x000000011175c5f8]
Event: 0.154 Thread 0x00007fda06886000  108       3       java.lang.ref.Reference::<init> (25 bytes)
Event: 0.154 Thread 0x00007fda06886000 nmethod 108 0x000000011175cd50 code [0x000000011175cec0, 0x000000011175d110]
Event: 0.154 Thread 0x00007fda06886000  109       3       java.util.concurrent.ConcurrentHashMap$Node::<init> (26 bytes)
Event: 0.154 Thread 0x00007fda06886000 nmethod 109 0x000000011175d1d0 code [0x000000011175d340, 0x000000011175d550]

GC Heap History (0 events):
No events

Deoptimization events (0 events):
No events

Internal exceptions (8 events):
Event: 0.038 Thread 0x00007fda09002000 Exception <a 'java/lang/NoSuchMethodError': Method sun.misc.Unsafe.defineClass(Ljava/lang/String;[BII)Ljava/lang/Class; name or signature does not match> (0x000000076ab12f10) thrown at [/Users/java_re/workspace/8-2-build-macosx-x86_64/jdk8u60/4407/hotspot
Event: 0.038 Thread 0x00007fda09002000 Exception <a 'java/lang/NoSuchMethodError': Method sun.misc.Unsafe.prefetchRead(Ljava/lang/Object;J)V name or signature does not match> (0x000000076ab131f8) thrown at [/Users/java_re/workspace/8-2-build-macosx-x86_64/jdk8u60/4407/hotspot/src/share/vm/prim
Event: 0.128 Thread 0x00007fda09002000 Exception <a 'java/security/PrivilegedActionException'> (0x000000076af70128) thrown at [/Users/java_re/workspace/8-2-build-macosx-x86_64/jdk8u60/4407/hotspot/src/share/vm/prims/jvm.cpp, line 1386]
Event: 0.129 Thread 0x00007fda09002000 Exception <a 'java/security/PrivilegedActionException'> (0x000000076af70338) thrown at [/Users/java_re/workspace/8-2-build-macosx-x86_64/jdk8u60/4407/hotspot/src/share/vm/prims/jvm.cpp, line 1386]
Event: 0.129 Thread 0x00007fda09002000 Exception <a 'java/security/PrivilegedActionException'> (0x000000076af735d8) thrown at [/Users/java_re/workspace/8-2-build-macosx-x86_64/jdk8u60/4407/hotspot/src/share/vm/prims/jvm.cpp, line 1386]
Event: 0.129 Thread 0x00007fda09002000 Exception <a 'java/security/PrivilegedActionException'> (0x000000076af737e8) thrown at [/Users/java_re/workspace/8-2-build-macosx-x86_64/jdk8u60/4407/hotspot/src/share/vm/prims/jvm.cpp, line 1386]
Event: 0.131 Thread 0x00007fda09002000 Exception <a 'java/lang/NoClassDefFoundError': org/apache/log4j/Category> (0x000000076af84860) thrown at [/Users/java_re/workspace/8-2-build-macosx-x86_64/jdk8u60/4407/hotspot/src/share/vm/classfile/systemDictionary.cpp, line 199]
Event: 0.140 Thread 0x00007fda09002000 Exception <a 'java/lang/UnsatisfiedLinkError': com.intel.bluetooth.BluetoothStackOSX.isNativeCodeLoaded()Z> (0x000000076afd5a20) thrown at [/Users/java_re/workspace/8-2-build-macosx-x86_64/jdk8u60/4407/hotspot/src/share/vm/prims/nativeLookup.cpp, line 378

Events (10 events):
Event: 0.152 loading class java/lang/ApplicationShutdownHooks done
Event: 0.152 loading class java/lang/ApplicationShutdownHooks$1
Event: 0.152 loading class java/lang/ApplicationShutdownHooks$1 done
Event: 0.152 loading class java/util/IdentityHashMap
Event: 0.152 loading class java/util/IdentityHashMap done
Event: 0.152 Thread 0x00007fda08800000 Thread added: 0x00007fda08800000
Event: 0.152 loading class com/intel/bluetooth/BlueCoveImpl$BluetoothStackHolder
Event: 0.152 loading class com/intel/bluetooth/BlueCoveImpl$BluetoothStackHolder done
Event: 0.153 loading class javax/bluetooth/DiscoveryAgent
Event: 0.153 loading class javax/bluetooth/DiscoveryAgent done


Dynamic libraries:
0x0000000009d68000 	/System/Library/Frameworks/Cocoa.framework/Versions/A/Cocoa
0x0000000009d68000 	/System/Library/Frameworks/Security.framework/Versions/A/Security
0x0000000009d68000 	/System/Library/Frameworks/ApplicationServices.framework/Versions/A/ApplicationServices
0x0000000009d68000 	/usr/lib/libz.1.dylib
0x0000000009d68000 	/usr/lib/libSystem.B.dylib
0x0000000009d68000 	/usr/lib/libobjc.A.dylib
0x0000000009d68000 	/System/Library/Frameworks/CoreFoundation.framework/Versions/A/CoreFoundation
0x0000000009d68000 	/System/Library/Frameworks/Foundation.framework/Versions/C/Foundation
0x0000000009d68000 	/System/Library/Frameworks/AppKit.framework/Versions/C/AppKit
0x0000000009d68000 	/System/Library/Frameworks/CoreData.framework/Versions/A/CoreData
0x0000000009d68000 	/System/Library/PrivateFrameworks/RemoteViewServices.framework/Versions/A/RemoteViewServices
0x0000000009d68000 	/System/Library/PrivateFrameworks/UIFoundation.framework/Versions/A/UIFoundation
0x0000000009d68000 	/System/Library/PrivateFrameworks/DFRFoundation.framework/Versions/A/DFRFoundation
0x0000000009d68000 	/usr/lib/libenergytrace.dylib
0x0000000009d68000 	/System/Library/PrivateFrameworks/SkyLight.framework/Versions/A/SkyLight
0x0000000009d68000 	/System/Library/Frameworks/CoreGraphics.framework/Versions/A/CoreGraphics
0x0000000009d68000 	/usr/lib/libScreenReader.dylib
0x0000000009d68000 	/System/Library/Frameworks/Accelerate.framework/Versions/A/Accelerate
0x0000000009d68000 	/System/Library/Frameworks/IOSurface.framework/Versions/A/IOSurface
0x0000000009d68000 	/System/Library/Frameworks/AudioToolbox.framework/Versions/A/AudioToolbox
0x0000000009d68000 	/System/Library/Frameworks/AudioUnit.framework/Versions/A/AudioUnit
0x0000000009d68000 	/System/Library/PrivateFrameworks/DataDetectorsCore.framework/Versions/A/DataDetectorsCore
0x0000000009d68000 	/System/Library/PrivateFrameworks/DesktopServicesPriv.framework/Versions/A/DesktopServicesPriv
0x0000000009d68000 	/System/Library/Frameworks/Carbon.framework/Versions/A/Frameworks/HIToolbox.framework/Versions/A/HIToolbox
0x0000000009d68000 	/usr/lib/libicucore.A.dylib
0x0000000009d68000 	/System/Library/Frameworks/QuartzCore.framework/Versions/A/QuartzCore
0x0000000009d68000 	/System/Library/Frameworks/Carbon.framework/Versions/A/Frameworks/SpeechRecognition.framework/Versions/A/SpeechRecognition
0x0000000009d68000 	/usr/lib/libauto.dylib
0x0000000009d68000 	/usr/lib/libxml2.2.dylib
0x0000000009d68000 	/System/Library/PrivateFrameworks/CoreUI.framework/Versions/A/CoreUI
0x0000000009d68000 	/System/Library/Frameworks/CoreAudio.framework/Versions/A/CoreAudio
0x0000000009d68000 	/System/Library/Frameworks/DiskArbitration.framework/Versions/A/DiskArbitration
0x0000000009d68000 	/usr/lib/liblangid.dylib
0x0000000009d68000 	/System/Library/PrivateFrameworks/MultitouchSupport.framework/Versions/A/MultitouchSupport
0x0000000009d68000 	/System/Library/Frameworks/IOKit.framework/Versions/A/IOKit
0x0000000009d68000 	/usr/lib/libDiagnosticMessagesClient.dylib
0x0000000009d68000 	/System/Library/Frameworks/CoreServices.framework/Versions/A/CoreServices
0x0000000009d68000 	/System/Library/PrivateFrameworks/PerformanceAnalysis.framework/Versions/A/PerformanceAnalysis
0x0000000009d68000 	/System/Library/PrivateFrameworks/GenerationalStorage.framework/Versions/A/GenerationalStorage
0x0000000009d68000 	/System/Library/Frameworks/OpenGL.framework/Versions/A/OpenGL
0x0000000009d68000 	/System/Library/Frameworks/CoreImage.framework/Versions/A/CoreImage
0x0000000009d68000 	/System/Library/Frameworks/CoreText.framework/Versions/A/CoreText
0x0000000009d68000 	/System/Library/Frameworks/ImageIO.framework/Versions/A/ImageIO
0x0000000009d68000 	/System/Library/PrivateFrameworks/Backup.framework/Versions/A/Backup
0x0000000009d68000 	/usr/lib/libarchive.2.dylib
0x0000000009d68000 	/System/Library/Frameworks/CFNetwork.framework/Versions/A/CFNetwork
0x0000000009d68000 	/System/Library/Frameworks/SystemConfiguration.framework/Versions/A/SystemConfiguration
0x0000000009d68000 	/usr/lib/libCRFSuite.dylib
0x0000000009d68000 	/usr/lib/libc++.1.dylib
0x0000000009d68000 	/usr/lib/libc++abi.dylib
0x0000000009d68000 	/usr/lib/system/libcache.dylib
0x0000000009d68000 	/usr/lib/system/libcommonCrypto.dylib
0x0000000009d68000 	/usr/lib/system/libcompiler_rt.dylib
0x0000000009d68000 	/usr/lib/system/libcopyfile.dylib
0x0000000009d68000 	/usr/lib/system/libcorecrypto.dylib
0x0000000009d68000 	/usr/lib/system/libdispatch.dylib
0x0000000009d68000 	/usr/lib/system/libdyld.dylib
0x0000000009d68000 	/usr/lib/system/libkeymgr.dylib
0x0000000009d68000 	/usr/lib/system/liblaunch.dylib
0x0000000009d68000 	/usr/lib/system/libmacho.dylib
0x0000000009d68000 	/usr/lib/system/libquarantine.dylib
0x0000000009d68000 	/usr/lib/system/libremovefile.dylib
0x0000000009d68000 	/usr/lib/system/libsystem_asl.dylib
0x0000000009d68000 	/usr/lib/system/libsystem_blocks.dylib
0x0000000009d68000 	/usr/lib/system/libsystem_c.dylib
0x0000000009d68000 	/usr/lib/system/libsystem_configuration.dylib
0x0000000009d68000 	/usr/lib/system/libsystem_coreservices.dylib
0x0000000009d68000 	/usr/lib/system/libsystem_coretls.dylib
0x0000000009d68000 	/usr/lib/system/libsystem_dnssd.dylib
0x0000000009d68000 	/usr/lib/system/libsystem_info.dylib
0x0000000009d68000 	/usr/lib/system/libsystem_kernel.dylib
0x0000000009d68000 	/usr/lib/system/libsystem_m.dylib
0x0000000009d68000 	/usr/lib/system/libsystem_malloc.dylib
0x0000000009d68000 	/usr/lib/system/libsystem_network.dylib
0x0000000009d68000 	/usr/lib/system/libsystem_networkextension.dylib
0x0000000009d68000 	/usr/lib/system/libsystem_notify.dylib
0x0000000009d68000 	/usr/lib/system/libsystem_platform.dylib
0x0000000009d68000 	/usr/lib/system/libsystem_pthread.dylib
0x0000000009d68000 	/usr/lib/system/libsystem_sandbox.dylib
0x0000000009d68000 	/usr/lib/system/libsystem_secinit.dylib
0x0000000009d68000 	/usr/lib/system/libsystem_symptoms.dylib
0x0000000009d68000 	/usr/lib/system/libsystem_trace.dylib
0x0000000009d68000 	/usr/lib/system/libunwind.dylib
0x0000000009d68000 	/usr/lib/system/libxpc.dylib
0x0000000009d68000 	/usr/lib/libbsm.0.dylib
0x0000000009d68000 	/usr/lib/system/libkxld.dylib
0x0000000009d68000 	/usr/lib/libcoretls.dylib
0x0000000009d68000 	/usr/lib/libcoretls_cfhelpers.dylib
0x0000000009d68000 	/usr/lib/libOpenScriptingUtil.dylib
0x0000000009d68000 	/usr/lib/libpam.2.dylib
0x0000000009d68000 	/usr/lib/libsqlite3.dylib
0x0000000009d68000 	/usr/lib/libxar.1.dylib
0x0000000009d68000 	/usr/lib/libbz2.1.0.dylib
0x0000000009d68000 	/usr/lib/liblzma.5.dylib
0x0000000009d68000 	/usr/lib/libnetwork.dylib
0x0000000009d68000 	/usr/lib/libpcap.A.dylib
0x0000000009d68000 	/System/Library/Frameworks/CoreServices.framework/Versions/A/Frameworks/FSEvents.framework/Versions/A/FSEvents
0x0000000009d68000 	/System/Library/Frameworks/CoreServices.framework/Versions/A/Frameworks/CarbonCore.framework/Versions/A/CarbonCore
0x0000000009d68000 	/System/Library/Frameworks/CoreServices.framework/Versions/A/Frameworks/Metadata.framework/Versions/A/Metadata
0x0000000009d68000 	/System/Library/Frameworks/CoreServices.framework/Versions/A/Frameworks/OSServices.framework/Versions/A/OSServices
0x0000000009d68000 	/System/Library/Frameworks/CoreServices.framework/Versions/A/Frameworks/SearchKit.framework/Versions/A/SearchKit
0x0000000009d68000 	/System/Library/Frameworks/CoreServices.framework/Versions/A/Frameworks/AE.framework/Versions/A/AE
0x0000000009d68000 	/System/Library/Frameworks/CoreServices.framework/Versions/A/Frameworks/LaunchServices.framework/Versions/A/LaunchServices
0x0000000009d68000 	/System/Library/Frameworks/CoreServices.framework/Versions/A/Frameworks/DictionaryServices.framework/Versions/A/DictionaryServices
0x0000000009d68000 	/System/Library/Frameworks/CoreServices.framework/Versions/A/Frameworks/SharedFileList.framework/Versions/A/SharedFileList
0x0000000009d68000 	/System/Library/Frameworks/NetFS.framework/Versions/A/NetFS
0x0000000009d68000 	/System/Library/PrivateFrameworks/NetAuth.framework/Versions/A/NetAuth
0x0000000009d68000 	/System/Library/PrivateFrameworks/login.framework/Versions/A/Frameworks/loginsupport.framework/Versions/A/loginsupport
0x0000000009d68000 	/System/Library/PrivateFrameworks/TCC.framework/Versions/A/TCC
0x0000000009d68000 	/usr/lib/libmecabra.dylib
0x0000000009d68000 	/System/Library/Frameworks/ApplicationServices.framework/Versions/A/Frameworks/ATS.framework/Versions/A/ATS
0x0000000009d68000 	/System/Library/Frameworks/ApplicationServices.framework/Versions/A/Frameworks/ColorSync.framework/Versions/A/ColorSync
0x0000000009d68000 	/System/Library/Frameworks/ApplicationServices.framework/Versions/A/Frameworks/HIServices.framework/Versions/A/HIServices
0x0000000009d68000 	/System/Library/Frameworks/ApplicationServices.framework/Versions/A/Frameworks/LangAnalysis.framework/Versions/A/LangAnalysis
0x0000000009d68000 	/System/Library/Frameworks/ApplicationServices.framework/Versions/A/Frameworks/PrintCore.framework/Versions/A/PrintCore
0x0000000009d68000 	/System/Library/Frameworks/ApplicationServices.framework/Versions/A/Frameworks/QD.framework/Versions/A/QD
0x0000000009d68000 	/System/Library/Frameworks/ApplicationServices.framework/Versions/A/Frameworks/SpeechSynthesis.framework/Versions/A/SpeechSynthesis
0x0000000009d68000 	/System/Library/Frameworks/Accelerate.framework/Versions/A/Frameworks/vImage.framework/Versions/A/vImage
0x0000000009d68000 	/System/Library/Frameworks/Accelerate.framework/Versions/A/Frameworks/vecLib.framework/Versions/A/vecLib
0x0000000009d68000 	/System/Library/Frameworks/Accelerate.framework/Versions/A/Frameworks/vecLib.framework/Versions/A/libvDSP.dylib
0x0000000009d68000 	/System/Library/Frameworks/Accelerate.framework/Versions/A/Frameworks/vecLib.framework/Versions/A/libBNNS.dylib
0x0000000009d68000 	/System/Library/Frameworks/Accelerate.framework/Versions/A/Frameworks/vecLib.framework/Versions/A/libQuadrature.dylib
0x0000000009d68000 	/System/Library/Frameworks/Accelerate.framework/Versions/A/Frameworks/vecLib.framework/Versions/A/libvMisc.dylib
0x0000000009d68000 	/System/Library/Frameworks/Accelerate.framework/Versions/A/Frameworks/vecLib.framework/Versions/A/libLAPACK.dylib
0x0000000009d68000 	/System/Library/Frameworks/Accelerate.framework/Versions/A/Frameworks/vecLib.framework/Versions/A/libBLAS.dylib
0x0000000009d68000 	/System/Library/Frameworks/Accelerate.framework/Versions/A/Frameworks/vecLib.framework/Versions/A/libLinearAlgebra.dylib
0x0000000009d68000 	/System/Library/Frameworks/Accelerate.framework/Versions/A/Frameworks/vecLib.framework/Versions/A/libSparseBLAS.dylib
0x0000000009d68000 	/System/Library/Frameworks/ApplicationServices.framework/Versions/A/Frameworks/ATS.framework/Versions/A/Resources/libFontParser.dylib
0x0000000009d68000 	/System/Library/Frameworks/ApplicationServices.framework/Versions/A/Frameworks/ATS.framework/Versions/A/Resources/libFontRegistry.dylib
0x0000000009d68000 	/System/Library/Frameworks/ImageIO.framework/Versions/A/Resources/libJPEG.dylib
0x0000000009d68000 	/System/Library/Frameworks/ImageIO.framework/Versions/A/Resources/libTIFF.dylib
0x0000000009d68000 	/System/Library/Frameworks/ImageIO.framework/Versions/A/Resources/libPng.dylib
0x0000000009d68000 	/System/Library/Frameworks/ImageIO.framework/Versions/A/Resources/libGIF.dylib
0x0000000009d68000 	/System/Library/Frameworks/ImageIO.framework/Versions/A/Resources/libJP2.dylib
0x0000000009d68000 	/System/Library/Frameworks/ImageIO.framework/Versions/A/Resources/libRadiance.dylib
0x0000000009d68000 	/usr/lib/libcompression.dylib
0x0000000009d68000 	/System/Library/PrivateFrameworks/AppleJPEG.framework/Versions/A/AppleJPEG
0x0000000009d68000 	/usr/lib/libcups.2.dylib
0x0000000009d68000 	/System/Library/Frameworks/Kerberos.framework/Versions/A/Kerberos
0x0000000009d68000 	/System/Library/Frameworks/GSS.framework/Versions/A/GSS
0x0000000009d68000 	/usr/lib/libresolv.9.dylib
0x0000000009d68000 	/usr/lib/libiconv.2.dylib
0x0000000009d68000 	/System/Library/PrivateFrameworks/Heimdal.framework/Versions/A/Heimdal
0x0000000009d68000 	/usr/lib/libheimdal-asn1.dylib
0x0000000009d68000 	/System/Library/Frameworks/OpenDirectory.framework/Versions/A/OpenDirectory
0x0000000009d68000 	/System/Library/PrivateFrameworks/CommonAuth.framework/Versions/A/CommonAuth
0x0000000009d68000 	/System/Library/Frameworks/OpenDirectory.framework/Versions/A/Frameworks/CFOpenDirectory.framework/Versions/A/CFOpenDirectory
0x0000000009d68000 	/System/Library/Frameworks/SecurityFoundation.framework/Versions/A/SecurityFoundation
0x0000000009d68000 	/System/Library/PrivateFrameworks/LanguageModeling.framework/Versions/A/LanguageModeling
0x0000000009d68000 	/usr/lib/libmarisa.dylib
0x0000000009d68000 	/usr/lib/libChineseTokenizer.dylib
0x0000000009d68000 	/usr/lib/libcmph.dylib
0x0000000009d68000 	/System/Library/PrivateFrameworks/CoreEmoji.framework/Versions/A/CoreEmoji
0x0000000009d68000 	/System/Library/Frameworks/ServiceManagement.framework/Versions/A/ServiceManagement
0x0000000009d68000 	/usr/lib/libxslt.1.dylib
0x0000000009d68000 	/System/Library/Frameworks/Carbon.framework/Versions/A/Frameworks/Ink.framework/Versions/A/Ink
0x0000000009d68000 	/System/Library/PrivateFrameworks/TextureIO.framework/Versions/A/TextureIO
0x0000000009d68000 	/System/Library/Frameworks/Metal.framework/Versions/A/Metal
0x0000000009d68000 	/usr/lib/libate.dylib
0x0000000009d68000 	/System/Library/PrivateFrameworks/GPUCompiler.framework/libmetal_timestamp.dylib
0x0000000009d68000 	/System/Library/Frameworks/OpenGL.framework/Versions/A/Libraries/libCoreFSCache.dylib
0x0000000009d68000 	/System/Library/PrivateFrameworks/IOAccelerator.framework/Versions/A/IOAccelerator
0x0000000009d68000 	/System/Library/Frameworks/CoreVideo.framework/Versions/A/CoreVideo
0x0000000009d68000 	/usr/lib/libFosl_dynamic.dylib
0x0000000009d68000 	/System/Library/PrivateFrameworks/MetalPerformanceShaders.framework/Versions/A/MetalPerformanceShaders
0x0000000009d68000 	/System/Library/PrivateFrameworks/FaceCore.framework/Versions/A/FaceCore
0x0000000009d68000 	/System/Library/Frameworks/OpenCL.framework/Versions/A/OpenCL
0x0000000009d68000 	/System/Library/Frameworks/OpenGL.framework/Versions/A/Libraries/libGLU.dylib
0x0000000009d68000 	/System/Library/Frameworks/OpenGL.framework/Versions/A/Libraries/libGFXShared.dylib
0x0000000009d68000 	/System/Library/Frameworks/OpenGL.framework/Versions/A/Libraries/libGL.dylib
0x0000000009d68000 	/System/Library/Frameworks/OpenGL.framework/Versions/A/Libraries/libGLImage.dylib
0x0000000009d68000 	/System/Library/Frameworks/OpenGL.framework/Versions/A/Libraries/libCVMSPluginSupport.dylib
0x0000000009d68000 	/System/Library/Frameworks/OpenGL.framework/Versions/A/Libraries/libCoreVMClient.dylib
0x0000000009d68000 	/System/Library/PrivateFrameworks/CrashReporterSupport.framework/Versions/A/CrashReporterSupport
0x0000000009d68000 	/System/Library/PrivateFrameworks/Sharing.framework/Versions/A/Sharing
0x0000000009d68000 	/System/Library/PrivateFrameworks/IconServices.framework/Versions/A/IconServices
0x0000000009d68000 	/System/Library/PrivateFrameworks/ProtocolBuffer.framework/Versions/A/ProtocolBuffer
0x0000000009d68000 	/System/Library/PrivateFrameworks/Apple80211.framework/Versions/A/Apple80211
0x0000000009d68000 	/System/Library/Frameworks/CoreWLAN.framework/Versions/A/CoreWLAN
0x0000000009d68000 	/System/Library/PrivateFrameworks/CoreUtils.framework/Versions/A/CoreUtils
0x0000000009d68000 	/System/Library/Frameworks/IOBluetooth.framework/Versions/A/IOBluetooth
0x0000000009d68000 	/System/Library/PrivateFrameworks/CoreWiFi.framework/Versions/A/CoreWiFi
0x0000000009d68000 	/System/Library/Frameworks/CoreBluetooth.framework/Versions/A/CoreBluetooth
0x0000000009d68000 	/System/Library/Frameworks/CoreDisplay.framework/Versions/A/CoreDisplay
0x0000000009d68000 	/System/Library/PrivateFrameworks/IOPresentment.framework/Versions/A/IOPresentment
0x0000000009d68000 	/System/Library/PrivateFrameworks/DSExternalDisplay.framework/Versions/A/DSExternalDisplay
0x0000000009d68000 	/System/Library/PrivateFrameworks/DebugSymbols.framework/Versions/A/DebugSymbols
0x0000000009d68000 	/System/Library/PrivateFrameworks/CoreSymbolication.framework/Versions/A/CoreSymbolication
0x0000000009d68000 	/System/Library/PrivateFrameworks/Symbolication.framework/Versions/A/Symbolication
0x0000000009d68000 	/System/Library/PrivateFrameworks/AppleFSCompression.framework/Versions/A/AppleFSCompression
0x0000000009d68000 	/System/Library/PrivateFrameworks/SpeechRecognitionCore.framework/Versions/A/SpeechRecognitionCore
0x0000000009d68000 	/System/Library/PrivateFrameworks/ChunkingLibrary.framework/Versions/A/ChunkingLibrary
0x000000010be00000 	/Library/Java/JavaVirtualMachines/jdk1.8.0_60.jdk/Contents/Home/jre/lib/server/libjvm.dylib
0x0000000009d68000 	/usr/lib/libstdc++.6.dylib
0x000000010acea000 	/Library/Java/JavaVirtualMachines/jdk1.8.0_60.jdk/Contents/Home/jre/lib/libverify.dylib
0x000000010acf8000 	/Library/Java/JavaVirtualMachines/jdk1.8.0_60.jdk/Contents/Home/jre/lib/libjava.dylib
0x000000010ad2e000 	/Library/Java/JavaVirtualMachines/jdk1.8.0_60.jdk/Contents/Home/jre/lib/libinstrument.dylib
0x000000010ad8c000 	/Library/Java/JavaVirtualMachines/jdk1.8.0_60.jdk/Contents/Home/jre/lib/libzip.dylib
0x000000010ade5000 	/System/Library/Frameworks/JavaVM.framework/Frameworks/JavaRuntimeSupport.framework/JavaRuntimeSupport
0x0000000110dc6000 	/System/Library/Frameworks/JavaVM.framework/Versions/A/Frameworks/JavaNativeFoundation.framework/Versions/A/JavaNativeFoundation
0x0000000110ddb000 	/System/Library/Frameworks/JavaVM.framework/Versions/A/JavaVM
0x0000000009d68000 	/System/Library/Frameworks/Carbon.framework/Versions/A/Carbon
0x0000000110de8000 	/System/Library/PrivateFrameworks/JavaLaunching.framework/Versions/A/JavaLaunching
0x0000000009d68000 	/System/Library/Frameworks/Carbon.framework/Versions/A/Frameworks/CommonPanels.framework/Versions/A/CommonPanels
0x0000000009d68000 	/System/Library/Frameworks/Carbon.framework/Versions/A/Frameworks/Help.framework/Versions/A/Help
0x0000000009d68000 	/System/Library/Frameworks/Carbon.framework/Versions/A/Frameworks/ImageCapture.framework/Versions/A/ImageCapture
0x0000000009d68000 	/System/Library/Frameworks/Carbon.framework/Versions/A/Frameworks/OpenScripting.framework/Versions/A/OpenScripting
0x0000000009d68000 	/System/Library/Frameworks/Carbon.framework/Versions/A/Frameworks/Print.framework/Versions/A/Print
0x0000000009d68000 	/System/Library/Frameworks/Carbon.framework/Versions/A/Frameworks/SecurityHI.framework/Versions/A/SecurityHI
0x0000000110f81000 	/Library/Java/JavaVirtualMachines/jdk1.8.0_60.jdk/Contents/Home/jre/lib/libnet.dylib
0x0000000110fe0000 	/private/var/folders/dd/p0m8fhjd7f3_6lkn524vy1gw0000gn/T/bluecove_justin_0/libbluecove.jnilib

VM Arguments:
jvm_args: -javaagent:/Applications/IntelliJ IDEA.app/Contents/lib/idea_rt.jar=49606:/Applications/IntelliJ IDEA.app/Contents/bin -Dfile.encoding=UTF-8 
java_command: RemoteDeviceDiscovery
java_class_path (initial): /Library/Java/JavaVirtualMachines/jdk1.8.0_60.jdk/Contents/Home/jre/lib/charsets.jar:/Library/Java/JavaVirtualMachines/jdk1.8.0_60.jdk/Contents/Home/jre/lib/deploy.jar:/Library/Java/JavaVirtualMachines/jdk1.8.0_60.jdk/Contents/Home/jre/lib/ext/cldrdata.jar:/Library/Java/JavaVirtualMachines/jdk1.8.0_60.jdk/Contents/Home/jre/lib/ext/dnsns.jar:/Library/Java/JavaVirtualMachines/jdk1.8.0_60.jdk/Contents/Home/jre/lib/ext/jaccess.jar:/Library/Java/JavaVirtualMachines/jdk1.8.0_60.jdk/Contents/Home/jre/lib/ext/jfxrt.jar:/Library/Java/JavaVirtualMachines/jdk1.8.0_60.jdk/Contents/Home/jre/lib/ext/localedata.jar:/Library/Java/JavaVirtualMachines/jdk1.8.0_60.jdk/Contents/Home/jre/lib/ext/nashorn.jar:/Library/Java/JavaVirtualMachines/jdk1.8.0_60.jdk/Contents/Home/jre/lib/ext/sunec.jar:/Library/Java/JavaVirtualMachines/jdk1.8.0_60.jdk/Contents/Home/jre/lib/ext/sunjce_provider.jar:/Library/Java/JavaVirtualMachines/jdk1.8.0_60.jdk/Contents/Home/jre/lib/ext/sunpkcs11.jar:/Library/Java/JavaVirtualMachines/jdk1.8.0_60.jdk/Contents/Home/jre/lib/ext/zipfs.jar:/Library/Java/JavaVirtualMachines/jdk1.8.0_60.jdk/Contents/Home/jre/lib/javaws.jar:/Library/Java/JavaVirtualMachines/jdk1.8.0_60.jdk/Contents/Home/jre/lib/jce.jar:/Library/Java/JavaVirtualMachines/jdk1.8.0_60.jdk/Contents/Home/jre/lib/jfr.jar:/Library/Java/JavaVirtualMachines/jdk1.8.0_60.jdk/Contents/Home/jre/lib/jfxswt.jar:/Library/Java/JavaVirtualMachines/jdk1.8.0_60.jdk/Contents/Home/jre/lib/jsse.jar:/Library/Java/JavaVirtualMachines/jdk1.8.0_60.jdk/Contents/Home/jre/lib/management-agent.jar:/Library/Java/JavaVirtualMachines/jdk1.8.0_60.jdk/Contents/Home/jre/lib/plugin.jar:/Library/Java/JavaVirtualMachines/jdk1.8.0_60.jdk/Contents/Home/jre/lib/resources.jar:/Library/Java/JavaVirtualMachines/jdk1.8.0_60.jdk/Contents/Home/jre/lib/rt.jar:/Library/Java/JavaVirtualMachines/jdk1.8.0_60.jdk/Contents/Home/lib/ant-javafx.jar:/Library/Java/JavaVirtualMachines/jdk1.8.0_60.jdk/Contents/Home/lib/dt.jar:/Library/Ja
Launcher Type: SUN_STANDARD

Environment Variables:
PATH=/anaconda/bin:/Library/Frameworks/Python.framework/Versions/3.6/bin:/usr/local/bin:/usr/bin:/bin:/usr/sbin:/sbin
SHELL=/bin/bash

Signal Handlers:
SIGSEGV: [libjvm.dylib+0x5a6d31], sa_mask[0]=11111111011111110111111111111111, sa_flags=SA_ONSTACK|SA_RESTART|SA_SIGINFO
SIGBUS: [libjvm.dylib+0x5a6d31], sa_mask[0]=11111111011111110111111111111111, sa_flags=SA_RESTART|SA_SIGINFO
SIGFPE: [libjvm.dylib+0x480a4c], sa_mask[0]=11111111011111110111111111111111, sa_flags=SA_RESTART|SA_SIGINFO
SIGPIPE: [libjvm.dylib+0x480a4c], sa_mask[0]=11111111011111110111111111111111, sa_flags=SA_RESTART|SA_SIGINFO
SIGXFSZ: [libjvm.dylib+0x480a4c], sa_mask[0]=11111111011111110111111111111111, sa_flags=SA_RESTART|SA_SIGINFO
SIGILL: [libjvm.dylib+0x480a4c], sa_mask[0]=11111111011111110111111111111111, sa_flags=SA_RESTART|SA_SIGINFO
SIGUSR1: SIG_DFL, sa_mask[0]=00000000000000000000000000000000, sa_flags=none
SIGUSR2: [libjvm.dylib+0x48056a], sa_mask[0]=00100000000000000000000000000000, sa_flags=SA_RESTART|SA_SIGINFO
SIGHUP: [libjvm.dylib+0x47eb41], sa_mask[0]=11111111011111110111111111111111, sa_flags=SA_RESTART|SA_SIGINFO
SIGINT: [libjvm.dylib+0x47eb41], sa_mask[0]=11111111011111110111111111111111, sa_flags=SA_RESTART|SA_SIGINFO
SIGTERM: [libjvm.dylib+0x47eb41], sa_mask[0]=11111111011111110111111111111111, sa_flags=SA_RESTART|SA_SIGINFO
SIGQUIT: [libjvm.dylib+0x47eb41], sa_mask[0]=11111111011111110111111111111111, sa_flags=SA_RESTART|SA_SIGINFO


---------------  S Y S T E M  ---------------

OS:Bsduname:Darwin 16.7.0 Darwin Kernel Version 16.7.0: Thu Jun 15 17:36:27 PDT 2017; root:xnu-3789.70.16~2/RELEASE_X86_64 x86_64
rlimit: STACK 8192k, CORE 0k, NPROC 709, NOFILE 10240, AS infinity
load average:2.90 2.42 2.66

CPU:total 8 (4 cores per cpu, 2 threads per core) family 6 model 70 stepping 1, cmov, cx8, fxsr, mmx, sse, sse2, sse3, ssse3, sse4.1, sse4.2, popcnt, avx, avx2, aes, clmul, erms, lzcnt, ht, tsc, tscinvbit, bmi1, bmi2

Memory: 4k page, physical 16777216k(3576368k free)

/proc/meminfo:


vm_info: Java HotSpot(TM) 64-Bit Server VM (25.60-b23) for bsd-amd64 JRE (1.8.0_60-b27), built on Aug  4 2015 10:47:24 by "java_re" with gcc 4.2.1 (Based on Apple Inc. build 5658) (LLVM build 2336.11.00)

time: Thu Oct 19 18:28:45 2017
elapsed time: 0 seconds (0d 0h 0m 0s)

